[debug] [2026-03-02T23:54:38.023Z] ----------------------------------------------------------------------
[debug] [2026-03-02T23:54:38.025Z] Command:       C:\Program Files\nodejs\node.exe C:\Users\ynu-sato-kohei\AppData\Roaming\npm\node_modules\firebase-tools\lib\bin\firebase.js init hosting
[debug] [2026-03-02T23:54:38.025Z] CLI Version:   15.8.0
[debug] [2026-03-02T23:54:38.025Z] Platform:      win32
[debug] [2026-03-02T23:54:38.025Z] Node Version:  v24.14.0
[debug] [2026-03-02T23:54:38.025Z] Time:          Tue Mar 03 2026 08:54:38 GMT+0900 (日本標準時)
[debug] [2026-03-02T23:54:38.025Z] ----------------------------------------------------------------------
[debug] 
[info] 
     ######## #### ########  ######## ########     ###     ######  ########
     ##        ##  ##     ## ##       ##     ##  ##   ##  ##       ##
     ######    ##  ########  ######   ########  #########  ######  ######
     ##        ##  ##    ##  ##       ##     ## ##     ##       ## ##
     ##       #### ##     ## ######## ########  ##     ##  ######  ########

You're about to initialize a Firebase project in this directory:

  C:\Users\ynu-sato-kohei\Documents\development\drill-strike

[info] 
=== Project Setup
[info] 
[info] First, let's associate this project directory with a Firebase project.
[info] You can create multiple project aliases by running firebase use --add, 
[info] 
[debug] [2026-03-02T23:55:16.193Z] > command requires scopes: ["email","openid","https://www.googleapis.com/auth/cloudplatformprojects.readonly","https://www.googleapis.com/auth/firebase","https://www.googleapis.com/auth/cloud-platform"]
[debug] [2026-03-02T23:55:16.193Z] > authorizing via signed-in user (hdcamprovtr@gmail.com)
[debug] [2026-03-02T23:55:16.194Z] Checked if tokens are valid: false, expires at: 1772451749051
[debug] [2026-03-02T23:55:16.194Z] Checked if tokens are valid: false, expires at: 1772451749051
[debug] [2026-03-02T23:55:16.194Z] > refreshing access token with scopes: []
[debug] [2026-03-02T23:55:16.196Z] >>> [apiv2][query] POST https://www.googleapis.com/oauth2/v3/token [none]
[debug] [2026-03-02T23:55:16.196Z] >>> [apiv2][body] POST https://www.googleapis.com/oauth2/v3/token [omitted]
[debug] [2026-03-02T23:55:16.297Z] <<< [apiv2][status] POST https://www.googleapis.com/oauth2/v3/token 200
[debug] [2026-03-02T23:55:16.297Z] <<< [apiv2][body] POST https://www.googleapis.com/oauth2/v3/token [omitted]
[debug] [2026-03-02T23:55:16.309Z] >>> [apiv2][query] GET https://firebase.googleapis.com/v1beta1/projects pageSize=100
[debug] [2026-03-02T23:55:16.843Z] <<< [apiv2][status] GET https://firebase.googleapis.com/v1beta1/projects 200
[debug] [2026-03-02T23:55:16.843Z] <<< [apiv2][body] GET https://firebase.googleapis.com/v1beta1/projects [omitted]
[info] 
=== Hosting Setup
[debug] [2026-03-02T23:55:30.355Z] Checked if tokens are valid: true, expires at: 1772499315298
[debug] [2026-03-02T23:55:30.355Z] Checked if tokens are valid: true, expires at: 1772499315298
[debug] [2026-03-02T23:55:30.355Z] >>> [apiv2][query] GET https://firebase.googleapis.com/v1beta1/projects/cyber-punk-drill-jr-high [none]
[debug] [2026-03-02T23:55:30.688Z] <<< [apiv2][status] GET https://firebase.googleapis.com/v1beta1/projects/cyber-punk-drill-jr-high 200
[debug] [2026-03-02T23:55:30.688Z] <<< [apiv2][body] GET https://firebase.googleapis.com/v1beta1/projects/cyber-punk-drill-jr-high {"projectId":"cyber-punk-drill-jr-high","projectNumber":"130539896707","displayName":"cyber-punk-drill-jr-high","name":"projects/cyber-punk-drill-jr-high","resources":{"hostingSite":"cyber-punk-drill-jr-high"},"state":"ACTIVE","etag":"1_12c18789-dc4f-4dbe-ab78-b23b0c885aa9"}
[info] 
[info] Your public directory is the folder (relative to your project directory) that
[info] will contain Hosting assets to be uploaded with firebase deploy. If you
[info] have a build process for your assets, use your build's output directory.
[info] 
